== Context must be w10 ==
w10

== Calico exists ==
calico-kube-controllers-565c89d6df-c8zzc   1/1     Running   0          13m   10.244.251.129   w10    <none>           <none>
calico-node-shd5r                          1/1     Running   0          13m   192.168.58.2     w10    <none>           <none>
coredns-7d764666f9-2sxmh                   1/1     Running   0          13m   10.244.251.130   w10    <none>           <none>
kube-proxy-jzhgq                           1/1     Running   0          13m   192.168.58.2     w10    <none>           <none>

== ArgoCD apps ==
NAME                     SYNC STATUS   HEALTH STATUS
root                     Synced        Healthy
api                      Synced        Healthy
payments                 Synced        Healthy
payments-app             Synced        Healthy
policy-controller        OutOfSync     Healthy
policies                 Synced        Healthy
external-secrets         Synced        Healthy
eso-config               Synced        Healthy
gatekeeper               Synced        Healthy
gatekeeper-constraints   Synced        Healthy
gatekeeper-templates     Synced        Healthy

== Namespaces ==
NAME       STATUS   AGE     LABELS
demo       Active   8m6s    kubernetes.io/metadata.name=demo
payments   Active   6m35s   kubernetes.io/metadata.name=payments,name=payments,policy.sigstore.dev/include=true,team=payments

== Demo app ==
NAME                      DESIRED   CURRENT   UP-TO-DATE   AVAILABLE   AGE
rollout.argoproj.io/api   4         4         4            4           7m5s

NAME          TYPE        CLUSTER-IP      EXTERNAL-IP   PORT(S)   AGE    SELECTOR
service/api   ClusterIP   10.108.129.47   <none>        80/TCP    7m6s   app=api

NAME                       READY   STATUS    RESTARTS   AGE    IP               NODE   NOMINATED NODE   READINESS GATES
pod/api-668b55465b-49j8q   1/1     Running   0          7m3s   10.244.251.155   w10    <none>           <none>
pod/api-668b55465b-6g4dj   1/1     Running   0          7m3s   10.244.251.153   w10    <none>           <none>
pod/api-668b55465b-c7r8s   1/1     Running   0          7m3s   10.244.251.154   w10    <none>           <none>
pod/api-668b55465b-n59gn   1/1     Running   0          7m3s   10.244.251.156   w10    <none>           <none>

== Payments app ==
NAME                           READY   UP-TO-DATE   AVAILABLE   AGE     CONTAINERS     IMAGES                                                                                                                                      SELECTOR
deployment.apps/payments-api   2/2     2            2           6m31s   payments-api   ghcr.io/vietsory/w10-api:e74ceb2f257357ba989dd3165c88603a74bad782@sha256:dc5a780a616ec06b965f402c59f939fb504038670901f2c05da6797137623681   app=payments-api

NAME                   TYPE        CLUSTER-IP     EXTERNAL-IP   PORT(S)   AGE     SELECTOR
service/payments-api   ClusterIP   10.103.5.178   <none>        80/TCP    6m31s   app=payments-api

NAME                               READY   STATUS    RESTARTS   AGE     IP               NODE   NOMINATED NODE   READINESS GATES
pod/payments-api-b6fdd44bb-4cr9x   1/1     Running   0          6m24s   10.244.251.152   w10    <none>           <none>
pod/payments-api-b6fdd44bb-7pskx   1/1     Running   0          6m25s   10.244.251.151   w10    <none>           <none>

== Payments tenant controls ==
NAME                                                              POD-SELECTOR   AGE
networkpolicy.networking.k8s.io/payments-default-deny-ingress     <none>         6m28s
networkpolicy.networking.k8s.io/payments-egress-same-ns-and-dns   <none>         6m28s

NAME                           REQUEST                                                                       LIMIT                                          AGE
resourcequota/payments-quota   pods: 2/10, requests.cpu: 100m/1, requests.memory: 128Mi/1Gi, services: 1/5   limits.cpu: 400m/2, limits.memory: 256Mi/2Gi   6m27s

NAME                                 CREATED AT
limitrange/payments-default-limits   2026-06-18T17:00:27Z

NAME                                               CREATED AT
role.rbac.authorization.k8s.io/payments-dev-role   2026-06-18T17:00:28Z

NAME                                                             ROLE                     AGE     USERS   GROUPS   SERVICEACCOUNTS
rolebinding.rbac.authorization.k8s.io/payments-dev-rolebinding   Role/payments-dev-role   6m26s                    payments/payments-dev-sa

NAME                             AGE
serviceaccount/default           6m35s
serviceaccount/payments-dev-sa   6m26s

== ClusterImagePolicy ==
NAME                       AGE
require-cosign-signature   5m21s
